<?xml version="1.0" encoding="UTF-8"?>
<!-- Generated by org.testng.reporters.JUnitXMLReporter -->
<testsuite ignored="0" hostname="Raja" failures="2" tests="6" name="Command line test" time="25.778" errors="0" timestamp="2024-07-11T23:08:36 IST">
  <testcase classname="TestNG.Parameterized.parameterizeTest" name="@BeforeClass setUp" time="-1.720719516432E9">
    <failure type="org.testng.TestNGException" message="
Parameter &amp;apos;URL&amp;apos; is required by BeforeClass on method setUp but has not been marked @Optional or defined
">
      <![CDATA[org.testng.TestNGException: 
Parameter 'URL' is required by BeforeClass on method setUp but has not been marked @Optional or defined

at java.base/java.util.ArrayList.forEach(ArrayList.java:1511)
... Removed 32 stack frames]]>
    </failure>
  </testcase> <!-- @BeforeClass setUp -->
  <testcase classname="TestNG.Parameterized.parameterizeTest" name="@AfterClass tearDown" time="-1.720719516432E9">
    <skipped/>
  </testcase> <!-- @AfterClass tearDown -->
  <testcase classname="DataDrivenTesting.dataDrivenTest" name="testAjexForm" time="0.002"/>
  <testcase classname="DataDrivenTesting.dataDrivenTest" name="testAjexForm" time="0.0"/>
  <testcase classname="LambdaTest.ProgressBarTest" name="testProgressBarPercentage" time="4.466">
    <failure type="java.lang.AssertionError" message="The following asserts failed:
	
 Percantage is not 100% 
  expected [100%] but found [9%],
	
 The Message Is Not Complete Or Correct 
 expected [Dowload completed] but found [Download completed!]">
      <![CDATA[java.lang.AssertionError: The following asserts failed:

 Percantage is not 100% 
  expected [100%] but found [9%],

 The Message Is Not Complete Or Correct 
 expected [Dowload completed] but found [Download completed!]
at LambdaTest.ProgressBarTest.testProgressBarPercentage(ProgressBarTest.java:34)
at java.base/java.util.ArrayList.forEach(ArrayList.java:1511)
... Removed 39 stack frames]]>
    </failure>
  </testcase> <!-- testProgressBarPercentage -->
  <testcase classname="TestNG.Assertions.AssertionsTest" name="testRadiobuttons" time="3.896"/>
  <testcase classname="TestNG.Assertions.AssertionsTest" name="testSingleCheckBoxes" time="0.661"/>
  <testcase classname="TestNG.Parameterized.parameterizeTest" name="testFileDownLoad" time="0.0">
    <failure type="org.testng.TestNGException" message="
Parameter &amp;apos;Task&amp;apos; is required by @Test on method testFileDownLoad but has not been marked @Optional or defined
">
      <![CDATA[org.testng.TestNGException: 
Parameter 'Task' is required by @Test on method testFileDownLoad but has not been marked @Optional or defined

at java.base/java.util.ArrayList.forEach(ArrayList.java:1511)
... Removed 36 stack frames]]>
    </failure>
  </testcase> <!-- testFileDownLoad -->
</testsuite> <!-- Command line test -->
